<?xml version="1.0" encoding="UTF-8"?>
<testng-results skipped="0" failed="0" ignored="0" total="1" passed="1">
  <reporter-output>
  </reporter-output>
  <suite name="Suite" duration-ms="5537" started-at="2021-03-03T13:47:57 IST" finished-at="2021-03-03T13:48:02 IST">
    <groups>
    </groups>
    <test name="Test" duration-ms="5537" started-at="2021-03-03T13:47:57 IST" finished-at="2021-03-03T13:48:02 IST">
      <class name="com.OrangeHRM.HDFC_Login_Trial">
        <test-method status="PASS" signature="beforeTest()[pri:0, instance:com.OrangeHRM.HDFC_Login_Trial@cb644e]" name="beforeTest" duration-ms="5397" started-at="2021-03-03T13:47:57 IST" finished-at="2021-03-03T13:48:02 IST">
          <reporter-output>
          </reporter-output>
        </test-method> <!-- beforeTest -->
        <test-method status="PASS" signature="afterTest()[pri:0, instance:com.OrangeHRM.HDFC_Login_Trial@cb644e]" name="afterTest" is-config="true" duration-ms="84" started-at="2021-03-03T13:48:02 IST" finished-at="2021-03-03T13:48:02 IST">
          <reporter-output>
          </reporter-output>
        </test-method> <!-- afterTest -->
      </class> <!-- com.OrangeHRM.HDFC_Login_Trial -->
    </test> <!-- Test -->
  </suite> <!-- Suite -->
</testng-results>
