<?xml version="1.0" encoding="UTF-8"?>
<testng-results skipped="0" failed="0" ignored="0" total="1" passed="1">
  <reporter-output>
  </reporter-output>
  <suite name="Suite" duration-ms="6870" started-at="2021-03-03T06:08:51Z" finished-at="2021-03-03T06:08:58Z">
    <groups>
    </groups>
    <test name="Test" duration-ms="6870" started-at="2021-03-03T06:08:51Z" finished-at="2021-03-03T06:08:58Z">
      <class name="com.OrangeHRM.HDFC_Login_Trial">
        <test-method status="PASS" signature="beforeTest()[pri:0, instance:com.OrangeHRM.HDFC_Login_Trial@553f17c]" name="beforeTest" duration-ms="6817" started-at="2021-03-03T06:08:51Z" finished-at="2021-03-03T06:08:58Z">
          <reporter-output>
          </reporter-output>
        </test-method> <!-- beforeTest -->
      </class> <!-- com.OrangeHRM.HDFC_Login_Trial -->
    </test> <!-- Test -->
  </suite> <!-- Suite -->
</testng-results>
