<?xml version="1.0" encoding="UTF-8"?>
<testng-results skipped="0" failed="0" ignored="0" total="1" passed="1">
  <reporter-output>
  </reporter-output>
  <suite name="Default suite" duration-ms="47498" started-at="2021-03-02T08:38:22Z" finished-at="2021-03-02T08:39:09Z">
    <groups>
    </groups>
    <test name="Default test" duration-ms="47498" started-at="2021-03-02T08:38:22Z" finished-at="2021-03-02T08:39:09Z">
      <class name="com.OrangeHRM_1stMarch.Robot_To_Upload">
        <test-method status="PASS" signature="setUp()[pri:0, instance:com.OrangeHRM_1stMarch.Robot_To_Upload@1ce92674]" name="setUp" is-config="true" duration-ms="4286" started-at="2021-03-02T08:38:22Z" finished-at="2021-03-02T08:38:26Z">
          <reporter-output>
          </reporter-output>
        </test-method> <!-- setUp -->
        <test-method status="PASS" signature="testUpload()[pri:0, instance:com.OrangeHRM_1stMarch.Robot_To_Upload@1ce92674]" name="testUpload" duration-ms="43168" started-at="2021-03-02T08:38:26Z" finished-at="2021-03-02T08:39:09Z">
          <reporter-output>
          </reporter-output>
        </test-method> <!-- testUpload -->
      </class> <!-- com.OrangeHRM_1stMarch.Robot_To_Upload -->
    </test> <!-- Default test -->
  </suite> <!-- Default suite -->
</testng-results>
