<?xml version="1.0" encoding="UTF-8"?>
<!-- Generated by org.testng.reporters.JUnitXMLReporter -->
<testsuite hostname="WPU5CG01088LWL" ignored="0" name="ChromeTest" tests="3" failures="0" timestamp="24 Feb 2021 07:12:31 GMT" time="36.034" errors="0">
  <testcase name="OrangeHRM_Login" time="21.751" classname="com.OrangeHRM.CrossBrowser_Testing"/>
  <testcase name="OrangeHRM_Login" time="5.106" classname="com.OrangeHRM.CrossBrowser_Testing"/>
  <testcase name="OrangeHRM_Login" time="5.105" classname="com.OrangeHRM.CrossBrowser_Testing"/>
</testsuite> <!-- ChromeTest -->
