<?xml version="1.0" encoding="UTF-8"?>
<!-- Generated by org.testng.reporters.JUnitXMLReporter -->
<testsuite hostname="WPU5CG01088LWL" ignored="0" name="EdgeTest" tests="3" failures="0" timestamp="24 Feb 2021 07:12:32 GMT" time="36.328" errors="0">
  <testcase name="OrangeHRM_Login" time="22.111" classname="com.OrangeHRM.CrossBrowser_Testing"/>
  <testcase name="OrangeHRM_Login" time="5.03" classname="com.OrangeHRM.CrossBrowser_Testing"/>
  <testcase name="OrangeHRM_Login" time="5.11" classname="com.OrangeHRM.CrossBrowser_Testing"/>
</testsuite> <!-- EdgeTest -->
